[debug] [2024-02-08T17:58:26.446Z] ----------------------------------------------------------------------
[debug] [2024-02-08T17:58:26.448Z] Command:       /usr/local/bin/node /usr/local/bin/firebase deploy
[debug] [2024-02-08T17:58:26.448Z] CLI Version:   11.16.0
[debug] [2024-02-08T17:58:26.448Z] Platform:      darwin
[debug] [2024-02-08T17:58:26.449Z] Node Version:  v16.17.1
[debug] [2024-02-08T17:58:26.450Z] Time:          Thu Feb 08 2024 23:28:26 GMT+0530 (India Standard Time)
[debug] [2024-02-08T17:58:26.450Z] ----------------------------------------------------------------------
[debug] 
[debug] [2024-02-08T17:58:26.453Z] >>> [apiv2][query] GET https://firebase-public.firebaseio.com/cli.json [none]
[debug] [2024-02-08T17:58:26.533Z] > command requires scopes: ["email","openid","https://www.googleapis.com/auth/cloudplatformprojects.readonly","https://www.googleapis.com/auth/firebase","https://www.googleapis.com/auth/cloud-platform"]
[debug] [2024-02-08T17:58:26.533Z] > authorizing via signed-in user (biplab.mp.mahato.629@gmail.com)
[debug] [2024-02-08T17:58:26.534Z] [iam] checking project drevoluitionportfolio for permissions ["firebase.projects.get","firebasehosting.sites.update"]
[debug] [2024-02-08T17:58:26.535Z] > refreshing access token with scopes: []
[debug] [2024-02-08T17:58:26.535Z] >>> [apiv2][query] POST https://www.googleapis.com/oauth2/v3/token [none]
[debug] [2024-02-08T17:58:26.535Z] >>> [apiv2][body] POST https://www.googleapis.com/oauth2/v3/token [omitted]
[debug] [2024-02-08T17:58:26.686Z] <<< [apiv2][status] POST https://www.googleapis.com/oauth2/v3/token 400
[debug] [2024-02-08T17:58:26.687Z] <<< [apiv2][body] POST https://www.googleapis.com/oauth2/v3/token [omitted]
[debug] [2024-02-08T17:58:26.687Z] >>> [apiv2][query] POST https://cloudresourcemanager.googleapis.com/v1/projects/drevoluitionportfolio:testIamPermissions [none]
[debug] [2024-02-08T17:58:26.687Z] >>> [apiv2][(partial)header] POST https://cloudresourcemanager.googleapis.com/v1/projects/drevoluitionportfolio:testIamPermissions x-goog-quota-user=projects/drevoluitionportfolio
[debug] [2024-02-08T17:58:26.687Z] >>> [apiv2][body] POST https://cloudresourcemanager.googleapis.com/v1/projects/drevoluitionportfolio:testIamPermissions {"permissions":["firebase.projects.get","firebasehosting.sites.update"]}
[debug] [2024-02-08T17:58:27.078Z] <<< [apiv2][status] GET https://firebase-public.firebaseio.com/cli.json 200
[debug] [2024-02-08T17:58:27.078Z] <<< [apiv2][body] GET https://firebase-public.firebaseio.com/cli.json {"cloudBuildErrorAfter":1594252800000,"cloudBuildWarnAfter":1590019200000,"defaultNode10After":1594252800000,"minVersion":"3.0.5","node8DeploysDisabledAfter":1613390400000,"node8RuntimeDisabledAfter":1615809600000,"node8WarnAfter":1600128000000}
[debug] [2024-02-08T17:58:27.944Z] <<< [apiv2][status] POST https://cloudresourcemanager.googleapis.com/v1/projects/drevoluitionportfolio:testIamPermissions 401
[debug] [2024-02-08T17:58:27.944Z] <<< [apiv2][body] POST https://cloudresourcemanager.googleapis.com/v1/projects/drevoluitionportfolio:testIamPermissions {"error":{"code":401,"message":"Request had invalid authentication credentials. Expected OAuth 2 access token, login cookie or other valid authentication credential. See https://developers.google.com/identity/sign-in/web/devconsole-project.","status":"UNAUTHENTICATED","details":[{"@type":"type.googleapis.com/google.rpc.ErrorInfo","reason":"ACCESS_TOKEN_TYPE_UNSUPPORTED","metadata":{"method":"google.cloudresourcemanager.v1.Projects.TestIamPermissions","service":"cloudresourcemanager.googleapis.com"}}]}}
[debug] [2024-02-08T17:58:27.945Z] [iam] error while checking permissions, command may fail: FirebaseError: HTTP Error: 401, Request had invalid authentication credentials. Expected OAuth 2 access token, login cookie or other valid authentication credential. See https://developers.google.com/identity/sign-in/web/devconsole-project.
[debug] [2024-02-08T17:58:27.946Z] > refreshing access token with scopes: []
[debug] [2024-02-08T17:58:27.946Z] >>> [apiv2][query] POST https://www.googleapis.com/oauth2/v3/token [none]
[debug] [2024-02-08T17:58:27.946Z] >>> [apiv2][body] POST https://www.googleapis.com/oauth2/v3/token [omitted]
[debug] [2024-02-08T17:58:28.069Z] <<< [apiv2][status] POST https://www.googleapis.com/oauth2/v3/token 400
[debug] [2024-02-08T17:58:28.070Z] <<< [apiv2][body] POST https://www.googleapis.com/oauth2/v3/token [omitted]
[debug] [2024-02-08T17:58:28.071Z] >>> [apiv2][query] GET https://firebase.googleapis.com/v1beta1/projects/drevoluitionportfolio [none]
[debug] [2024-02-08T17:58:28.557Z] <<< [apiv2][status] GET https://firebase.googleapis.com/v1beta1/projects/drevoluitionportfolio 401
[debug] [2024-02-08T17:58:28.558Z] <<< [apiv2][body] GET https://firebase.googleapis.com/v1beta1/projects/drevoluitionportfolio {"error":{"code":401,"message":"Request had invalid authentication credentials. Expected OAuth 2 access token, login cookie or other valid authentication credential. See https://developers.google.com/identity/sign-in/web/devconsole-project.","status":"UNAUTHENTICATED"}}
[debug] [2024-02-08T17:58:28.558Z] HTTP Error: 401, Request had invalid authentication credentials. Expected OAuth 2 access token, login cookie or other valid authentication credential. See https://developers.google.com/identity/sign-in/web/devconsole-project.
[debug] [2024-02-08T17:58:28.561Z] FirebaseError: HTTP Error: 401, Request had invalid authentication credentials. Expected OAuth 2 access token, login cookie or other valid authentication credential. See https://developers.google.com/identity/sign-in/web/devconsole-project.
    at responseToError (/usr/local/lib/node_modules/firebase-tools/lib/responseToError.js:49:12)
    at RetryOperation._fn (/usr/local/lib/node_modules/firebase-tools/lib/apiv2.js:288:77)
    at processTicksAndRejections (node:internal/process/task_queues:96:5)
[error] 
[error] Error: Failed to get Firebase project drevoluitionportfolio. Please make sure the project exists and your account has permission to access it.
